\BOOKMARK [1][-]{section.0.1}{Introduction}{}% 1
\BOOKMARK [2][-]{subsection.0.1.1}{Pr\351ambule}{section.0.1}% 2
\BOOKMARK [2][-]{subsection.0.1.2}{Groupe de travail}{section.0.1}% 3
\BOOKMARK [2][-]{subsection.0.1.3}{D\351p\364t Git}{section.0.1}% 4
\BOOKMARK [1][-]{section.0.2}{Architecture et D\351veloppement}{}% 5
\BOOKMARK [2][-]{subsection.0.2.1}{Mod\351lisation UML \(Voir Annexe\)}{section.0.2}% 6
\BOOKMARK [2][-]{subsection.0.2.2}{Package NOTES}{section.0.2}% 7
\BOOKMARK [2][-]{subsection.0.2.3}{Package VERSIONS}{section.0.2}% 8
\BOOKMARK [2][-]{subsection.0.2.4}{Package XMLManager}{section.0.2}% 9
\BOOKMARK [2][-]{subsection.0.2.5}{Package RELATIONS}{section.0.2}% 10
\BOOKMARK [2][-]{subsection.0.2.6}{Package CORE}{section.0.2}% 11
\BOOKMARK [2][-]{subsection.0.2.7}{Frameworks : Qt et MVC}{section.0.2}% 12
\BOOKMARK [1][-]{section.0.3}{Modularit\351 et Evolution de l'application}{}% 13
\BOOKMARK [2][-]{subsection.0.3.1}{Atout du framework MVC}{section.0.3}% 14
\BOOKMARK [2][-]{subsection.0.3.2}{Interface graphique am\351lior\351e}{section.0.3}% 15
\BOOKMARK [2][-]{subsection.0.3.3}{Affichage et stockage des multim\351dias}{section.0.3}% 16
\BOOKMARK [2][-]{subsection.0.3.4}{Sauvegarde de l'\351tat de l'application}{section.0.3}% 17
\BOOKMARK [2][-]{subsection.0.3.5}{Gestion des versions}{section.0.3}% 18
\BOOKMARK [2][-]{subsection.0.3.6}{Corbeille et Archivage}{section.0.3}% 19
\BOOKMARK [2][-]{subsection.0.3.7}{Axes d'am\351lioration}{section.0.3}% 20
